Wed 15 Nov 2017 10:54:14 WARNING <ipython-input-4-5c8207560802> 26 5884 warn message
Wed 15 Nov 2017 10:54:14 ERROR <ipython-input-4-5c8207560802> 27 5884 error message
Wed 15 Nov 2017 10:54:14 CRITICAL <ipython-input-4-5c8207560802> 28 5884 critical message
Wed 15 Nov 2017 10:54:30 WARNING <ipython-input-5-5c8207560802> 26 5884 warn message
Wed 15 Nov 2017 10:54:30 WARNING <ipython-input-5-5c8207560802> 26 5884 warn message
Wed 15 Nov 2017 10:54:30 ERROR <ipython-input-5-5c8207560802> 27 5884 error message
Wed 15 Nov 2017 10:54:30 ERROR <ipython-input-5-5c8207560802> 27 5884 error message
Wed 15 Nov 2017 10:54:30 CRITICAL <ipython-input-5-5c8207560802> 28 5884 critical message
Wed 15 Nov 2017 10:54:30 CRITICAL <ipython-input-5-5c8207560802> 28 5884 critical message
Thu 16 Nov 2017 21:24:08 WARNING loggingtest.py 26 6561 warn message
Thu 16 Nov 2017 21:24:08 ERROR loggingtest.py 27 6561 error message
Thu 16 Nov 2017 21:24:08 CRITICAL loggingtest.py 28 6561 critical message
Thu 16 Nov 2017 21:27:30 WARNING loggingtest.py <module> 31 6766 warn message
Thu 16 Nov 2017 21:27:30 ERROR loggingtest.py <module> 32 6766 error message
Thu 16 Nov 2017 21:27:30 CRITICAL loggingtest.py <module> 33 6766 critical message
Thu 16 Nov 2017 21:28:49 WARNING loggingtest.py <module> 32 6809 warn message
Thu 16 Nov 2017 21:28:49 ERROR loggingtest.py <module> 33 6809 error message
Thu 16 Nov 2017 21:28:49 CRITICAL loggingtest.py <module> 34 6809 critical message
Thu 16 Nov 2017 21:29:59 WARNING loggingtest.py <module> 31 6858 warn message
Thu 16 Nov 2017 21:29:59 ERROR loggingtest.py <module> 32 6858 error message
Thu 16 Nov 2017 21:29:59 CRITICAL loggingtest.py <module> 33 6858 critical message
Thu 16 Nov 2017 21:37:01 WARNING loggingtest.py <module> 31 7091 warn adf message
Thu 16 Nov 2017 21:37:01 ERROR loggingtest.py <module> 32 7091 error message
Thu 16 Nov 2017 21:37:01 CRITICAL loggingtest.py <module> 33 7091 critical message
Thu 16 Nov 2017 21:37:39 WARNING loggingtest.py of <module> 32 7128 warn adf message
Thu 16 Nov 2017 21:37:39 ERROR loggingtest.py of <module> 33 7128 error message
Thu 16 Nov 2017 21:37:39 CRITICAL loggingtest.py of <module> 34 7128 critical message
Thu 16 Nov 2017 21:46:52 WARNING logdec.py 27 7253 warn message
Thu 16 Nov 2017 21:48:12 WARNING logdec.py 27 7292 warn message
Thu 16 Nov 2017 21:49:59 WARNING logdec.py wrapper               28 7360 warn message
Thu 16 Nov 2017 21:52:08 WARNING logdec.py               28 7488 warn message now
Thu 16 Nov 2017 21:52:27 WARNING logdec.py              28 7525 warn message now
Thu 16 Nov 2017 21:52:32 WARNING logdec.py 27 7563 warn message now
Thu 16 Nov 2017 21:52:37 WARNING logdec.py 28 7600 warn message now
Thu 16 Nov 2017 21:54:05 WARNING logdec.py 30 7642 warn message now
Thu 16 Nov 2017 21:54:33 WARNING logdec.py 30 7682 warn message now
Thu 16 Nov 2017 22:11:03 WARNING logdec.py 30 7738 warn message now
Thu 16 Nov 2017 22:11:17 WARNING logdec.py 30 7774 warn message now
Thu 16 Nov 2017 23:01:33 WARNING logdec.py 28 8498 warn message before now
Thu 16 Nov 2017 23:01:33 WARNING logdec.py 31 8498 warn message after now
